# Logfile created on 2014-01-11 12:30:13 +0800 by logger.rb/36483
I, [2014-01-11T12:30:13.662822 #40251]  INFO -- : 0:  i18n (0.6.9) from /Library/Ruby/Gems/2.0.0/specifications/i18n-0.6.9.gemspec
I, [2014-01-11T12:30:13.716098 #40251]  INFO -- : 0:  multi_json (1.8.4) from /Library/Ruby/Gems/2.0.0/specifications/multi_json-1.8.4.gemspec
I, [2014-01-11T12:30:13.716466 #40251]  INFO -- : 0:  activesupport (3.2.16) from /Library/Ruby/Gems/2.0.0/specifications/activesupport-3.2.16.gemspec
I, [2014-01-11T12:30:13.716758 #40251]  INFO -- : 0:  addressable (2.3.5) from /Library/Ruby/Gems/2.0.0/specifications/addressable-2.3.5.gemspec
I, [2014-01-11T12:30:13.717036 #40251]  INFO -- : 0:  atomic (1.1.14) from /Library/Ruby/Gems/2.0.0/specifications/atomic-1.1.14.gemspec
I, [2014-01-11T12:30:13.717312 #40251]  INFO -- : 0:  builder (3.1.4) from /Library/Ruby/Gems/2.0.0/specifications/builder-3.1.4.gemspec
I, [2014-01-11T12:30:13.717619 #40251]  INFO -- : 0:  chunky_png (1.2.6) from /Library/Ruby/Gems/2.0.0/specifications/chunky_png-1.2.6.gemspec
I, [2014-01-11T12:30:13.717895 #40251]  INFO -- : 0:  coffee-script-source (1.6.3) from /Library/Ruby/Gems/2.0.0/specifications/coffee-script-source-1.6.3.gemspec
I, [2014-01-11T12:30:13.718150 #40251]  INFO -- : 0:  execjs (1.4.0) from /Library/Ruby/Gems/2.0.0/specifications/execjs-1.4.0.gemspec
I, [2014-01-11T12:30:13.718419 #40251]  INFO -- : 0:  coffee-script (2.2.0) from /Library/Ruby/Gems/2.0.0/specifications/coffee-script-2.2.0.gemspec
I, [2014-01-11T12:30:13.718689 #40251]  INFO -- : 0:  fssm (0.2.9) from /Library/Ruby/Gems/2.0.0/specifications/fssm-0.2.9.gemspec
I, [2014-01-11T12:30:13.718963 #40251]  INFO -- : 0:  sass (3.2.4) from /Library/Ruby/Gems/2.0.0/specifications/sass-3.2.4.gemspec
I, [2014-01-11T12:30:13.719260 #40251]  INFO -- : 0:  compass (0.12.2) from /Library/Ruby/Gems/2.0.0/specifications/compass-0.12.2.gemspec
I, [2014-01-11T12:30:13.719530 #40251]  INFO -- : 0:  ffi (1.9.3) from /Library/Ruby/Gems/2.0.0/specifications/ffi-1.9.3.gemspec
I, [2014-01-11T12:30:13.719798 #40251]  INFO -- : 0:  haml (3.1.7) from /Library/Ruby/Gems/2.0.0/specifications/haml-3.1.7.gemspec
I, [2014-01-11T12:30:13.720062 #40251]  INFO -- : 0:  hike (1.2.3) from /Library/Ruby/Gems/2.0.0/specifications/hike-1.2.3.gemspec
I, [2014-01-11T12:30:13.720333 #40251]  INFO -- : 0:  kramdown (1.3.1) from /Library/Ruby/Gems/2.0.0/specifications/kramdown-1.3.1.gemspec
I, [2014-01-11T12:30:13.720677 #40251]  INFO -- : 0:  rb-fsevent (0.9.4) from /Library/Ruby/Gems/2.0.0/specifications/rb-fsevent-0.9.4.gemspec
I, [2014-01-11T12:30:13.720992 #40251]  INFO -- : 0:  rb-inotify (0.9.3) from /Library/Ruby/Gems/2.0.0/specifications/rb-inotify-0.9.3.gemspec
I, [2014-01-11T12:30:13.721302 #40251]  INFO -- : 0:  rb-kqueue (0.2.0) from /Library/Ruby/Gems/2.0.0/specifications/rb-kqueue-0.2.0.gemspec
I, [2014-01-11T12:30:13.721642 #40251]  INFO -- : 0:  listen (1.3.1) from /Library/Ruby/Gems/2.0.0/specifications/listen-1.3.1.gemspec
I, [2014-01-11T12:30:13.721953 #40251]  INFO -- : 0:  bundler (1.5.1) from /Library/Ruby/Gems/2.0.0/specifications/bundler-1.5.1.gemspec
I, [2014-01-11T12:30:13.722279 #40251]  INFO -- : 0:  rack (1.5.2) from /Library/Ruby/Gems/2.0.0/specifications/rack-1.5.2.gemspec
I, [2014-01-11T12:30:13.722581 #40251]  INFO -- : 0:  rack-test (0.6.2) from /Library/Ruby/Gems/2.0.0/specifications/rack-test-0.6.2.gemspec
I, [2014-01-11T12:30:13.722937 #40251]  INFO -- : 0:  thor (0.18.1) from /Library/Ruby/Gems/2.0.0/specifications/thor-0.18.1.gemspec
I, [2014-01-11T12:30:13.723284 #40251]  INFO -- : 0:  tilt (1.4.1) from /Library/Ruby/Gems/2.0.0/specifications/tilt-1.4.1.gemspec
I, [2014-01-11T12:30:13.723623 #40251]  INFO -- : 0:  middleman-core (3.2.1) from /Library/Ruby/Gems/2.0.0/specifications/middleman-core-3.2.1.gemspec
I, [2014-01-11T12:30:13.723951 #40251]  INFO -- : 0:  sprockets (2.10.1) from /Library/Ruby/Gems/2.0.0/specifications/sprockets-2.10.1.gemspec
I, [2014-01-11T12:30:13.724277 #40251]  INFO -- : 0:  sprockets-helpers (1.0.1) from /Library/Ruby/Gems/2.0.0/specifications/sprockets-helpers-1.0.1.gemspec
I, [2014-01-11T12:30:13.724643 #40251]  INFO -- : 0:  sprockets-sass (1.0.2) from /Library/Ruby/Gems/2.0.0/specifications/sprockets-sass-1.0.2.gemspec
I, [2014-01-11T12:30:13.724948 #40251]  INFO -- : 0:  middleman-sprockets (3.2.0) from /Library/Ruby/Gems/2.0.0/specifications/middleman-sprockets-3.2.0.gemspec
I, [2014-01-11T12:30:13.725271 #40251]  INFO -- : 0:  uglifier (2.1.2) from /Library/Ruby/Gems/2.0.0/specifications/uglifier-2.1.2.gemspec
I, [2014-01-11T12:30:13.725639 #40251]  INFO -- : 0:  middleman (3.2.1) from /Library/Ruby/Gems/2.0.0/specifications/middleman-3.2.1.gemspec
I, [2014-01-11T12:30:13.725985 #40251]  INFO -- : 0:  thread_safe (0.1.3) from /Library/Ruby/Gems/2.0.0/specifications/thread_safe-0.1.3.gemspec
I, [2014-01-11T12:30:13.726286 #40251]  INFO -- : 0:  tzinfo (1.1.0) from /Library/Ruby/Gems/2.0.0/specifications/tzinfo-1.1.0.gemspec
I, [2014-01-11T12:30:13.726656 #40251]  INFO -- : 0:  middleman-blog (3.5.1) from /Library/Ruby/Gems/2.0.0/specifications/middleman-blog-3.5.1.gemspec
I, [2014-01-11T12:30:13.727013 #40251]  INFO -- : 0:  nokogiri (1.5.6) from /System/Library/Frameworks/Ruby.framework/Versions/2.0/usr/lib/ruby/gems/2.0.0/specifications/nokogiri-1.5.6.gemspec
I, [2014-01-11T12:30:13.727317 #40251]  INFO -- : 0:  redcarpet (2.0.1) from /Library/Ruby/Gems/2.0.0/specifications/redcarpet-2.0.1.gemspec
I, [2014-01-11T12:30:13.727661 #40251]  INFO -- : 0:  susy (1.0.5) from /Library/Ruby/Gems/2.0.0/specifications/susy-1.0.5.gemspec
